INFO:root:Key: 'a' C:\Windows\System32\cmd.exe-pythonanalyze.py
INFO:root:Key: 'a' C:\Windows\System32\cmd.exe-pythonanalyze.py
INFO:root:Key: 'a' C:\Windows\System32\cmd.exe-pythonanalyze.py
INFO:root:Mouse: 1037 0 Button.left Introduction·Bootstrap-GoogleChrome
INFO:root:Mouse: 800 69 Button.left colorpicker-GoogleSearch-GoogleChrome
INFO:root:Key: 'w' colorpicker-GoogleSearch-GoogleChrome
INFO:root:Key: 'i' colorpicker-GoogleSearch-GoogleChrome
INFO:root:Key: 'l' colorpicker-GoogleSearch-GoogleChrome
INFO:root:Key: 'l' colorpicker-GoogleSearch-GoogleChrome
INFO:root:Key: Key.space colorpicker-GoogleSearch-GoogleChrome
INFO:root:Key: 'i' colorpicker-GoogleSearch-GoogleChrome
INFO:root:Key: 't' colorpicker-GoogleSearch-GoogleChrome
INFO:root:Key: Key.space colorpicker-GoogleSearch-GoogleChrome
INFO:root:Key: 'w' colorpicker-GoogleSearch-GoogleChrome
INFO:root:Key: 'o' colorpicker-GoogleSearch-GoogleChrome
INFO:root:Key: 'r' colorpicker-GoogleSearch-GoogleChrome
INFO:root:Key: 'k' colorpicker-GoogleSearch-GoogleChrome
INFO:root:Key: Key.space colorpicker-GoogleSearch-GoogleChrome
INFO:root:Key: 'i' colorpicker-GoogleSearch-GoogleChrome
INFO:root:Key: Key.space colorpicker-GoogleSearch-GoogleChrome
INFO:root:Key: 'h' colorpicker-GoogleSearch-GoogleChrome
INFO:root:Key: 'o' colorpicker-GoogleSearch-GoogleChrome
INFO:root:Key: 'p' colorpicker-GoogleSearch-GoogleChrome
INFO:root:Key: 'e' colorpicker-GoogleSearch-GoogleChrome
INFO:root:Key: Key.space colorpicker-GoogleSearch-GoogleChrome
INFO:root:Key: 'i' colorpicker-GoogleSearch-GoogleChrome
INFO:root:Key: 't' colorpicker-GoogleSearch-GoogleChrome
INFO:root:Key: Key.space colorpicker-GoogleSearch-GoogleChrome
INFO:root:Key: 'w' colorpicker-GoogleSearch-GoogleChrome
INFO:root:Key: 'o' colorpicker-GoogleSearch-GoogleChrome
INFO:root:Key: 'r' colorpicker-GoogleSearch-GoogleChrome
INFO:root:Key: 'k' colorpicker-GoogleSearch-GoogleChrome
INFO:root:Key: 's' colorpicker-GoogleSearch-GoogleChrome
INFO:root:Key: '.' colorpicker-GoogleSearch-GoogleChrome
INFO:root:Key: '.' colorpicker-GoogleSearch-GoogleChrome
INFO:root:Key: '.' colorpicker-GoogleSearch-GoogleChrome
INFO:root:Key: Key.space colorpicker-GoogleSearch-GoogleChrome
INFO:root:Key: 'o' colorpicker-GoogleSearch-GoogleChrome
INFO:root:Key: 'b' colorpicker-GoogleSearch-GoogleChrome
INFO:root:Key: 'v' colorpicker-GoogleSearch-GoogleChrome
INFO:root:Key: 'i' colorpicker-GoogleSearch-GoogleChrome
INFO:root:Key: 'u' colorpicker-GoogleSearch-GoogleChrome
INFO:root:Key: 'o' colorpicker-GoogleSearch-GoogleChrome
INFO:root:Key: 's' colorpicker-GoogleSearch-GoogleChrome
INFO:root:Key: 'l' colorpicker-GoogleSearch-GoogleChrome
INFO:root:Key: 'y' colorpicker-GoogleSearch-GoogleChrome
INFO:root:Key: Key.space colorpicker-GoogleSearch-GoogleChrome
INFO:root:Key: 'h' colorpicker-GoogleSearch-GoogleChrome
INFO:root:Key: 'o' colorpicker-GoogleSearch-GoogleChrome
INFO:root:Key: 'p' colorpicker-GoogleSearch-GoogleChrome
INFO:root:Key: 'e' colorpicker-GoogleSearch-GoogleChrome
INFO:root:Key: Key.space colorpicker-GoogleSearch-GoogleChrome
INFO:root:Key: 'i' colorpicker-GoogleSearch-GoogleChrome
INFO:root:Key: 's' colorpicker-GoogleSearch-GoogleChrome
INFO:root:Key: Key.space colorpicker-GoogleSearch-GoogleChrome
INFO:root:Key: 'a' colorpicker-GoogleSearch-GoogleChrome
INFO:root:Key: Key.space colorpicker-GoogleSearch-GoogleChrome
INFO:root:Key: 'g' colorpicker-GoogleSearch-GoogleChrome
INFO:root:Key: 'o' colorpicker-GoogleSearch-GoogleChrome
INFO:root:Key: 'o' colorpicker-GoogleSearch-GoogleChrome
INFO:root:Key: 'd' colorpicker-GoogleSearch-GoogleChrome
INFO:root:Key: Key.space colorpicker-GoogleSearch-GoogleChrome
INFO:root:Key: 't' colorpicker-GoogleSearch-GoogleChrome
INFO:root:Key: 'h' colorpicker-GoogleSearch-GoogleChrome
INFO:root:Key: 'i' colorpicker-GoogleSearch-GoogleChrome
INFO:root:Key: 'n' colorpicker-GoogleSearch-GoogleChrome
INFO:root:Key: 'f' colorpicker-GoogleSearch-GoogleChrome
INFO:root:Key: Key.backspace colorpicker-GoogleSearch-GoogleChrome
INFO:root:Key: 'g' colorpicker-GoogleSearch-GoogleChrome
INFO:root:Key: Key.space colorpicker-GoogleSearch-GoogleChrome
INFO:root:Key: 'b' colorpicker-GoogleSearch-GoogleChrome
INFO:root:Key: 'e' colorpicker-GoogleSearch-GoogleChrome
INFO:root:Key: 'c' colorpicker-GoogleSearch-GoogleChrome
INFO:root:Key: 'a' colorpicker-GoogleSearch-GoogleChrome
INFO:root:Key: 'u' colorpicker-GoogleSearch-GoogleChrome
INFO:root:Key: 's' colorpicker-GoogleSearch-GoogleChrome
INFO:root:Key: 'e' colorpicker-GoogleSearch-GoogleChrome
INFO:root:Key: Key.space colorpicker-GoogleSearch-GoogleChrome
INFO:root:Key: Key.shift colorpicker-GoogleSearch-GoogleChrome
INFO:root:Key: 'a' colorpicker-GoogleSearch-GoogleChrome
INFO:root:Key: 'l' colorpicker-GoogleSearch-GoogleChrome
INFO:root:Key: 'l' colorpicker-GoogleSearch-GoogleChrome
INFO:root:Key: 'a' colorpicker-GoogleSearch-GoogleChrome
INFO:root:Key: 'h' colorpicker-GoogleSearch-GoogleChrome
INFO:root:Key: Key.space colorpicker-GoogleSearch-GoogleChrome
INFO:root:Key: 'i' colorpicker-GoogleSearch-GoogleChrome
INFO:root:Key: 's' colorpicker-GoogleSearch-GoogleChrome
INFO:root:Key: Key.space colorpicker-GoogleSearch-GoogleChrome
INFO:root:Key: 'b' colorpicker-GoogleSearch-GoogleChrome
INFO:root:Key: 'e' colorpicker-GoogleSearch-GoogleChrome
INFO:root:Key: 's' colorpicker-GoogleSearch-GoogleChrome
INFO:root:Key: 't' colorpicker-GoogleSearch-GoogleChrome
INFO:root:Key: Key.space colorpicker-GoogleSearch-GoogleChrome
INFO:root:Key: 'p' colorpicker-GoogleSearch-GoogleChrome
INFO:root:Key: 'l' colorpicker-GoogleSearch-GoogleChrome
INFO:root:Key: 'a' colorpicker-GoogleSearch-GoogleChrome
INFO:root:Key: 'n' colorpicker-GoogleSearch-GoogleChrome
INFO:root:Key: 'n' colorpicker-GoogleSearch-GoogleChrome
INFO:root:Key: 'e' colorpicker-GoogleSearch-GoogleChrome
INFO:root:Key: 'r' colorpicker-GoogleSearch-GoogleChrome
INFO:root:Key: Key.space colorpicker-GoogleSearch-GoogleChrome
INFO:root:Key: 'a' colorpicker-GoogleSearch-GoogleChrome
INFO:root:Key: 'n' colorpicker-GoogleSearch-GoogleChrome
INFO:root:Key: 'd' colorpicker-GoogleSearch-GoogleChrome
INFO:root:Key: Key.space colorpicker-GoogleSearch-GoogleChrome
INFO:root:Key: Key.shift colorpicker-GoogleSearch-GoogleChrome
INFO:root:Key: 'h' colorpicker-GoogleSearch-GoogleChrome
INFO:root:Key: 'e' colorpicker-GoogleSearch-GoogleChrome
INFO:root:Key: Key.space colorpicker-GoogleSearch-GoogleChrome
INFO:root:Key: 's' colorpicker-GoogleSearch-GoogleChrome
INFO:root:Key: 'h' colorpicker-GoogleSearch-GoogleChrome
INFO:root:Key: 'o' colorpicker-GoogleSearch-GoogleChrome
INFO:root:Key: 'u' colorpicker-GoogleSearch-GoogleChrome
INFO:root:Key: 'l' colorpicker-GoogleSearch-GoogleChrome
INFO:root:Key: 'd' colorpicker-GoogleSearch-GoogleChrome
INFO:root:Key: Key.space colorpicker-GoogleSearch-GoogleChrome
INFO:root:Key: 'm' colorpicker-GoogleSearch-GoogleChrome
INFO:root:Key: 'a' colorpicker-GoogleSearch-GoogleChrome
INFO:root:Key: 'k' colorpicker-GoogleSearch-GoogleChrome
INFO:root:Key: 'e' colorpicker-GoogleSearch-GoogleChrome
INFO:root:Key: Key.space colorpicker-GoogleSearch-GoogleChrome
INFO:root:Key: 'a' colorpicker-GoogleSearch-GoogleChrome
INFO:root:Key: Key.space colorpicker-GoogleSearch-GoogleChrome
INFO:root:Key: 'w' colorpicker-GoogleSearch-GoogleChrome
INFO:root:Key: 'a' colorpicker-GoogleSearch-GoogleChrome
INFO:root:Key: 'y' colorpicker-GoogleSearch-GoogleChrome
INFO:root:Key: Key.space colorpicker-GoogleSearch-GoogleChrome
INFO:root:Key: 'o' colorpicker-GoogleSearch-GoogleChrome
INFO:root:Key: 'u' colorpicker-GoogleSearch-GoogleChrome
INFO:root:Key: 't' colorpicker-GoogleSearch-GoogleChrome
INFO:root:Key: Key.space colorpicker-GoogleSearch-GoogleChrome
INFO:root:Key: Key.left colorpicker-GoogleSearch-GoogleChrome
INFO:root:Key: Key.left colorpicker-GoogleSearch-GoogleChrome
INFO:root:Key: Key.backspace colorpicker-GoogleSearch-GoogleChrome
INFO:root:Key: Key.ctrl_l colorpicker-GoogleSearch-GoogleChrome
INFO:root:Key: 'w' colorpicker-GoogleSearch-GoogleChrome
INFO:root:Key: 'i' colorpicker-GoogleSearch-GoogleChrome
INFO:root:Key: 'l' colorpicker-GoogleSearch-GoogleChrome
INFO:root:Key: 'l' colorpicker-GoogleSearch-GoogleChrome
INFO:root:Key: Key.right colorpicker-GoogleSearch-GoogleChrome
INFO:root:Key: Key.right colorpicker-GoogleSearch-GoogleChrome
INFO:root:Key: Key.right colorpicker-GoogleSearch-GoogleChrome
INFO:root:Key: Key.right colorpicker-GoogleSearch-GoogleChrome
INFO:root:Key: Key.right colorpicker-GoogleSearch-GoogleChrome
INFO:root:Key: Key.ctrl_l colorpicker-GoogleSearch-GoogleChrome
INFO:root:Key: 'f' colorpicker-GoogleSearch-GoogleChrome
INFO:root:Key: 'o' colorpicker-GoogleSearch-GoogleChrome
INFO:root:Key: 'r' colorpicker-GoogleSearch-GoogleChrome
INFO:root:Key: Key.space colorpicker-GoogleSearch-GoogleChrome
INFO:root:Key: 'a' colorpicker-GoogleSearch-GoogleChrome
INFO:root:Key: 'l' colorpicker-GoogleSearch-GoogleChrome
INFO:root:Key: 'l' colorpicker-GoogleSearch-GoogleChrome
INFO:root:Key: Key.space colorpicker-GoogleSearch-GoogleChrome
INFO:root:Key: 'o' colorpicker-GoogleSearch-GoogleChrome
INFO:root:Key: 'f' colorpicker-GoogleSearch-GoogleChrome
INFO:root:Key: Key.space colorpicker-GoogleSearch-GoogleChrome
INFO:root:Key: 'a' colorpicker-GoogleSearch-GoogleChrome
INFO:root:Key: Key.backspace colorpicker-GoogleSearch-GoogleChrome
INFO:root:Key: 'u' colorpicker-GoogleSearch-GoogleChrome
INFO:root:Key: 's' colorpicker-GoogleSearch-GoogleChrome
INFO:root:Key: '.' colorpicker-GoogleSearch-GoogleChrome
INFO:root:Key: '.' colorpicker-GoogleSearch-GoogleChrome
INFO:root:Key: '.' colorpicker-GoogleSearch-GoogleChrome
INFO:root:Key: Key.space colorpicker-GoogleSearch-GoogleChrome
INFO:root:Key: Key.shift colorpicker-GoogleSearch-GoogleChrome
INFO:root:Key: Key.esc colorpicker-GoogleSearch-GoogleChrome
